<?xml version="1.0" encoding="UTF-8"?>
<!-- Generated by org.testng.reporters.JUnitReportReporter -->
<testsuite hostname="Raviteja-Yendamuri" failures="0" tests="1" name="com.Test1.OpenBrowser" time="7.522" errors="0" timestamp="2021-05-29T15:37:59 IST" skipped="0">
  <testcase classname="com.Test1.OpenBrowser" name="setChromePath" time="7.522"/>
  <system-out/>
</testsuite> <!-- com.Test1.OpenBrowser -->
